<?xml version="1.0" encoding="UTF-8"?>
<testsuite xmlns:xsi="http://www.w3.org/2001/XMLSchema-instance" xsi:noNamespaceSchemaLocation="https://maven.apache.org/surefire/maven-surefire-plugin/xsd/surefire-test-report.xsd" name="TestSuite" time="0.672" tests="21" errors="0" skipped="0" failures="6">
  <properties>
    <property name="java.specification.version" value="17"/>
    <property name="sun.cpu.isalist" value="amd64"/>
    <property name="sun.jnu.encoding" value="Cp1252"/>
    <property name="java.class.path" value="C:\Users\Adrian\IdeaProjects\Internship Maven\testng.internship\target\test-classes;C:\Users\Adrian\IdeaProjects\Internship Maven\testng.internship\target\classes;C:\Users\Adrian\.m2\repository\org\testng\testng\7.7.1\testng-7.7.1.jar;C:\Users\Adrian\.m2\repository\org\slf4j\slf4j-api\1.7.36\slf4j-api-1.7.36.jar;C:\Users\Adrian\.m2\repository\com\beust\jcommander\1.82\jcommander-1.82.jar;C:\Users\Adrian\.m2\repository\org\webjars\jquery\3.6.1\jquery-3.6.1.jar;C:\Users\Adrian\.m2\repository\org\projectlombok\lombok-maven-plugin\1.18.20.0\lombok-maven-plugin-1.18.20.0.jar;C:\Users\Adrian\.m2\repository\org\apache\commons\commons-lang3\3.8.1\commons-lang3-3.8.1.jar;C:\Users\Adrian\.m2\repository\org\projectlombok\lombok\1.18.20\lombok-1.18.20.jar;C:\Users\Adrian\.m2\repository\org\sonatype\plexus\plexus-build-api\0.0.7\plexus-build-api-0.0.7.jar;C:\Users\Adrian\.m2\repository\org\codehaus\plexus\plexus-utils\1.5.8\plexus-utils-1.5.8.jar;C:\Users\Adrian\.m2\repository\org\apache\maven\surefire\surefire-testng-utils\2.22.0\surefire-testng-utils-2.22.0.jar;C:\Users\Adrian\.m2\repository\org\apache\maven\surefire\surefire-grouper\2.22.0\surefire-grouper-2.22.0.jar;"/>
    <property name="java.vm.vendor" value="Oracle Corporation"/>
    <property name="sun.arch.data.model" value="64"/>
    <property name="user.variant" value=""/>
    <property name="java.vendor.url" value="https://java.oracle.com/"/>
    <property name="user.timezone" value="Europe/Bucharest"/>
    <property name="user.country.format" value="150"/>
    <property name="os.name" value="Windows 11"/>
    <property name="java.vm.specification.version" value="17"/>
    <property name="sun.java.launcher" value="SUN_STANDARD"/>
    <property name="user.country" value="US"/>
    <property name="sun.boot.library.path" value="C:\Program Files\Java\jdk-17.0.5\bin"/>
    <property name="sun.java.command" value="C:\Users\Adrian\AppData\Local\Temp\surefire13890778338093053955\surefirebooter13695270784052863232.jar C:\Users\Adrian\AppData\Local\Temp\surefire13890778338093053955 2023-01-22T21-12-36_360-jvmRun1 surefire14806840896691529263tmp surefire_03824939206530042908tmp"/>
    <property name="jdk.debug" value="release"/>
    <property name="surefire.test.class.path" value="C:\Users\Adrian\IdeaProjects\Internship Maven\testng.internship\target\test-classes;C:\Users\Adrian\IdeaProjects\Internship Maven\testng.internship\target\classes;C:\Users\Adrian\.m2\repository\org\testng\testng\7.7.1\testng-7.7.1.jar;C:\Users\Adrian\.m2\repository\org\slf4j\slf4j-api\1.7.36\slf4j-api-1.7.36.jar;C:\Users\Adrian\.m2\repository\com\beust\jcommander\1.82\jcommander-1.82.jar;C:\Users\Adrian\.m2\repository\org\webjars\jquery\3.6.1\jquery-3.6.1.jar;C:\Users\Adrian\.m2\repository\org\projectlombok\lombok-maven-plugin\1.18.20.0\lombok-maven-plugin-1.18.20.0.jar;C:\Users\Adrian\.m2\repository\org\apache\commons\commons-lang3\3.8.1\commons-lang3-3.8.1.jar;C:\Users\Adrian\.m2\repository\org\projectlombok\lombok\1.18.20\lombok-1.18.20.jar;C:\Users\Adrian\.m2\repository\org\sonatype\plexus\plexus-build-api\0.0.7\plexus-build-api-0.0.7.jar;C:\Users\Adrian\.m2\repository\org\codehaus\plexus\plexus-utils\1.5.8\plexus-utils-1.5.8.jar;C:\Users\Adrian\.m2\repository\org\apache\maven\surefire\surefire-testng-utils\2.22.0\surefire-testng-utils-2.22.0.jar;C:\Users\Adrian\.m2\repository\org\apache\maven\surefire\surefire-grouper\2.22.0\surefire-grouper-2.22.0.jar;"/>
    <property name="sun.cpu.endian" value="little"/>
    <property name="user.home" value="C:\Users\Adrian"/>
    <property name="user.language" value="en"/>
    <property name="java.specification.vendor" value="Oracle Corporation"/>
    <property name="java.version.date" value="2022-10-18"/>
    <property name="java.home" value="C:\Program Files\Java\jdk-17.0.5"/>
    <property name="file.separator" value="\"/>
    <property name="basedir" value="C:\Users\Adrian\IdeaProjects\Internship Maven\testng.internship"/>
    <property name="java.vm.compressedOopsMode" value="32-bit"/>
    <property name="line.separator" value="&#10;"/>
    <property name="java.vm.specification.vendor" value="Oracle Corporation"/>
    <property name="java.specification.name" value="Java Platform API Specification"/>
    <property name="surefire.real.class.path" value="C:\Users\Adrian\AppData\Local\Temp\surefire13890778338093053955\surefirebooter13695270784052863232.jar"/>
    <property name="user.script" value=""/>
    <property name="sun.management.compiler" value="HotSpot 64-Bit Tiered Compilers"/>
    <property name="java.runtime.version" value="17.0.5+9-LTS-191"/>
    <property name="user.name" value="Adrian"/>
    <property name="path.separator" value=";"/>
    <property name="os.version" value="10.0"/>
    <property name="java.runtime.name" value="Java(TM) SE Runtime Environment"/>
    <property name="file.encoding" value="Cp1252"/>
    <property name="java.vm.name" value="Java HotSpot(TM) 64-Bit Server VM"/>
    <property name="localRepository" value="C:\Users\Adrian\.m2\repository"/>
    <property name="java.vendor.url.bug" value="https://bugreport.java.com/bugreport/"/>
    <property name="java.io.tmpdir" value="C:\Users\Adrian\AppData\Local\Temp\"/>
    <property name="java.version" value="17.0.5"/>
    <property name="user.dir" value="C:\Users\Adrian\IdeaProjects\Internship Maven\testng.internship"/>
    <property name="os.arch" value="amd64"/>
    <property name="java.vm.specification.name" value="Java Virtual Machine Specification"/>
    <property name="sun.os.patch.level" value=""/>
    <property name="native.encoding" value="Cp1252"/>
    <property name="java.library.path" value="C:\Program Files\Java\jdk-17.0.5\bin;C:\WINDOWS\Sun\Java\bin;C:\WINDOWS\system32;C:\WINDOWS;C:\Program Files\Common Files\Oracle\Java\javapath;C:\Windows\system32;C:\Windows;C:\Windows\System32\Wbem;C:\Windows\System32\WindowsPowerShell\v1.0\;C:\Windows\System32\OpenSSH\;C:\Program Files\NVIDIA Corporation\NVIDIA NvDLISR;C:\Program Files (x86)\NVIDIA Corporation\PhysX\Common;C:\Program Files\Git\cmd;C:\Users\Adrian\AppData\Local\Programs\Python\Python310;C:\Users\Adrian\AppData\Local\Programs\Python\Python310\Scripts;C:\WINDOWS\system32;C:\WINDOWS;C:\WINDOWS\System32\Wbem;C:\WINDOWS\System32\WindowsPowerShell\v1.0\;C:\WINDOWS\System32\OpenSSH\;%MAVEN_HOME%\bin;C:\Users\Adrian\AppData\Local\Microsoft\WindowsApps;C:\Users\Adrian\AppData\Local\Programs\Microsoft VS Code\bin;C:\Users\Adrian\AppData\Local\GitHubDesktop\bin;C:\Program Files\JetBrains\IntelliJ IDEA Community Edition 2022.1.3\bin;C:\Program Files\JetBrains\PyCharm Community Edition 2022.1.3\bin;C:\Program Files\JetBrains\RubyMine 2022.2.1\bin;C:\Users\Adrian\AppData\Local\atom\bin;C:\Users\Adrian\AppData\Local\Microsoft\WindowsApps;C:\Users\Adrian\sqlite-tools-win32-x86-3400100;C:\Program Files\Maven\apache-maven-3.8.7\bin;;."/>
    <property name="java.vm.info" value="mixed mode, sharing"/>
    <property name="java.vendor" value="Oracle Corporation"/>
    <property name="java.vm.version" value="17.0.5+9-LTS-191"/>
    <property name="sun.io.unicode.encoding" value="UnicodeLittle"/>
    <property name="java.class.version" value="61.0"/>
  </properties>
  <testcase name="testCalculator" classname="org.internship.CalculatorTest" time="0.006"/>
  <testcase name="testCalculator" classname="org.internship.CalculatorTest" time="0"/>
  <testcase name="testCalculator" classname="org.internship.CalculatorTest" time="0.001"/>
  <testcase name="testCalculator" classname="org.internship.CalculatorTest" time="0"/>
  <testcase name="testCalculator" classname="org.internship.CalculatorTest" time="0"/>
  <testcase name="testCalculator" classname="org.internship.CalculatorTest" time="0"/>
  <testcase name="testCalculatorSoftAssert" classname="org.internship.CalculatorTest" time="0.016">
    <failure message="The following asserts failed:&#10;	Intentionally failed! expected [true] but found [false]" type="java.lang.AssertionError">java.lang.AssertionError: 
The following asserts failed:
	Intentionally failed! expected [true] but found [false]
	at org.internship.CalculatorTest.testCalculatorSoftAssert(CalculatorTest.java:48)
</failure>
    <system-out><![CDATA[Now we make tear down for method testCalculator
Make setUp for CalculatorTest methods
]]></system-out>
  </testcase>
  <testcase name="testCalculatorSoftAssert" classname="org.internship.CalculatorTest" time="0">
    <failure message="The following asserts failed:&#10;	Intentionally failed! expected [true] but found [false]" type="java.lang.AssertionError">java.lang.AssertionError: 
The following asserts failed:
	Intentionally failed! expected [true] but found [false]
	at org.internship.CalculatorTest.testCalculatorSoftAssert(CalculatorTest.java:48)
</failure>
    <system-out><![CDATA[Now we make tear down for method testCalculator
Make setUp for CalculatorTest methods
]]></system-out>
  </testcase>
  <testcase name="testCalculatorSoftAssert" classname="org.internship.CalculatorTest" time="0">
    <failure message="The following asserts failed:&#10;	Intentionally failed! expected [true] but found [false]" type="java.lang.AssertionError">java.lang.AssertionError: 
The following asserts failed:
	Intentionally failed! expected [true] but found [false]
	at org.internship.CalculatorTest.testCalculatorSoftAssert(CalculatorTest.java:48)
</failure>
    <system-out><![CDATA[Now we make tear down for method testCalculator
Make setUp for CalculatorTest methods
]]></system-out>
  </testcase>
  <testcase name="testCalculatorSoftAssert" classname="org.internship.CalculatorTest" time="0.001">
    <failure message="The following asserts failed:&#10;	Intentionally failed! expected [true] but found [false]" type="java.lang.AssertionError">java.lang.AssertionError: 
The following asserts failed:
	Intentionally failed! expected [true] but found [false]
	at org.internship.CalculatorTest.testCalculatorSoftAssert(CalculatorTest.java:48)
</failure>
    <system-out><![CDATA[Now we make tear down for method testCalculator
Make setUp for CalculatorTest methods
]]></system-out>
  </testcase>
  <testcase name="testCalculatorSoftAssert" classname="org.internship.CalculatorTest" time="0.001">
    <failure message="The following asserts failed:&#10;	Intentionally failed! expected [true] but found [false]" type="java.lang.AssertionError">java.lang.AssertionError: 
The following asserts failed:
	Intentionally failed! expected [true] but found [false]
	at org.internship.CalculatorTest.testCalculatorSoftAssert(CalculatorTest.java:48)
</failure>
    <system-out><![CDATA[Now we make tear down for method testCalculator
Make setUp for CalculatorTest methods
]]></system-out>
  </testcase>
  <testcase name="testCalculatorSoftAssert" classname="org.internship.CalculatorTest" time="0">
    <failure message="The following asserts failed:&#10;	Intentionally failed! expected [true] but found [false]" type="java.lang.AssertionError">java.lang.AssertionError: 
The following asserts failed:
	Intentionally failed! expected [true] but found [false]
	at org.internship.CalculatorTest.testCalculatorSoftAssert(CalculatorTest.java:48)
</failure>
    <system-out><![CDATA[Now we make tear down for method testCalculator
Make setUp for CalculatorTest methods
]]></system-out>
  </testcase>
  <testcase name="testCalculatorWithPrivate" classname="org.internship.CalculatorTest" time="0.001"/>
  <testcase name="testLoginUsername" classname="org.internship.LoginTest" time="0"/>
  <testcase name="testLoginUsername" classname="org.internship.LoginTest" time="0.001"/>
  <testcase name="testLoginPassword" classname="org.internship.LoginTest" time="0"/>
  <testcase name="testLoginPassword" classname="org.internship.LoginTest" time="0"/>
  <testcase name="testLoginPassword" classname="org.internship.LoginTest" time="0"/>
  <testcase name="testLoginPassword" classname="org.internship.LoginTest" time="0"/>
  <testcase name="testLoginPassword" classname="org.internship.LoginTest" time="0.001"/>
  <testcase name="testLoginPassword" classname="org.internship.LoginTest" time="0"/>
</testsuite>